# project noname (1.0) configured on Mon Mar 21 22:32:13 2011 by
# waf 1.5.16 (abi 7, python 20601f0 on darwin)
# using /usr/local/bin/node-waf configure
#

----------------------------------------
Setting srcdir to
/Users/hans/Dropbox/jsm/src

----------------------------------------
Setting blddir to
/Users/hans/Dropbox/jsm/src/build

----------------------------------------
Checking for program g++ or c++
  find program=['g++', 'c++'] paths=[] var='CXX'
  -> '/usr/bin/g++'

----------------------------------------
Checking for program cpp
  find program=['cpp'] paths=[] var='CPP'
  -> '/usr/bin/cpp'

----------------------------------------
Checking for program ar
  find program=['ar'] paths=[] var='AR'
  -> '/usr/bin/ar'

----------------------------------------
Checking for program ranlib
  find program=['ranlib'] paths=[] var='RANLIB'
  -> '/usr/bin/ranlib'

----------------------------------------
Checking for g++ 
ok 

----------------------------------------
Checking for node path 
not found

----------------------------------------
Checking for node prefix 
ok /usr/local

----------------------------------------
Checking for library portmidi
==>

int main() {
	return 0;
}

<==
[1/2] [32mcxx: build/.conf_check_0/test.cpp -> build/.conf_check_0/testbuild/default/test_1.o
[0m['/usr/bin/g++', '-g', '../test.cpp', '-c', '-o', 'default/test_1.o']
[2/2] [33mcxx_link: build/.conf_check_0/testbuild/default/test_1.o -> build/.conf_check_0/testbuild/default/testprog
[0m['/usr/bin/g++', 'default/test_1.o', '-o', '/Users/hans/Dropbox/jsm/src/build/.conf_check_0/testbuild/default/testprog', '-L/Users/hans/portmedia/portmidi', '-lportmidi']
yes

----------------------------------------
Checking for library boost_thread-mt
==>

int main() {
	return 0;
}

<==
[1/2] [32mcxx: build/.conf_check_0/test.cpp -> build/.conf_check_0/testbuild/default/test_1.o
[0m['/usr/bin/g++', '-g', '../test.cpp', '-c', '-o', 'default/test_1.o']
[2/2] [33mcxx_link: build/.conf_check_0/testbuild/default/test_1.o -> build/.conf_check_0/testbuild/default/testprog
[0m['/usr/bin/g++', 'default/test_1.o', '-o', '/Users/hans/Dropbox/jsm/src/build/.conf_check_0/testbuild/default/testprog', '-L/opt/local/lib', '-lboost_thread-mt']
yes
